<?xml version="1.0" encoding="UTF-8"?>
<testsuite xmlns:xsi="http://www.w3.org/2001/XMLSchema-instance" xsi:noNamespaceSchemaLocation="https://maven.apache.org/surefire/maven-surefire-plugin/xsd/surefire-test-report-3.0.xsd" version="3.0" name="UserServiceTest" time="5.881" tests="6" errors="0" skipped="0" failures="0">
  <properties>
[...]
</properties>
  <testcase name="saveUser" classname="UserServiceTest" time="2.258">
    <system-out><![CDATA[User с именем – Ivan добавлен в базу данных
]]></system-out>
  </testcase>
  <testcase name="removeUserById" classname="UserServiceTest" time="1.33">
    <system-out><![CDATA[User с именем – Ivan добавлен в базу данных
User с ID – 1 удален из базы данных
]]></system-out>
  </testcase>
  <testcase name="getAllUsers" classname="UserServiceTest" time="1.473">
    <system-out><![CDATA[User с именем – Ivan добавлен в базу данных
]]></system-out>
  </testcase>
  <testcase name="dropUsersTable" classname="UserServiceTest" time="0.54"/>
  <testcase name="createUsersTable" classname="UserServiceTest" time="0.066"/>
  <testcase name="cleanUsersTable" classname="UserServiceTest" time="0.163">
    <system-out><![CDATA[User с именем – Ivan добавлен в базу данных
Table cleaned
]]></system-out>
  </testcase>
</testsuite>